TpTrace Verbose: 0 : 15324, 1, 2021/03/17, 23:03:24.361, 446033221192, vstest.console.dll, Version: 16.8.3
TpTrace Information: 0 : 15324, 1, 2021/03/17, 23:03:24.373, 446033305902, vstest.console.dll, FilePatternParser: The given file C:\Users\atmil\OneDrive\Documents\1 Programming\Projects\myWork\ozoneprimeTests\bin\Debug\netcoreapp3.1\fine-code-coverage\build-output\ozoneprimeTests.dll is a full path.
TpTrace Verbose: 0 : 15324, 1, 2021/03/17, 23:03:24.379, 446033367375, vstest.console.dll, TestPluginCache.DiscoverTestExtensions: finding test extensions in assemblies ends with: RuntimeProvider.dll TPluginInfo: Microsoft.VisualStudio.TestPlatform.Common.ExtensionFramework.Utilities.TestRuntimePluginInformation TExtension: Microsoft.VisualStudio.TestPlatform.ObjectModel.Host.ITestRuntimeProvider
TpTrace Verbose: 0 : 15324, 1, 2021/03/17, 23:03:24.381, 446033387359, vstest.console.dll, TestPluginCache.GetExtensionPaths: Filtered extension paths: 
TpTrace Verbose: 0 : 15324, 1, 2021/03/17, 23:03:24.382, 446033389528, vstest.console.dll, TestPluginCache.GetExtensionPaths: Added default extension paths: C:\Program Files\dotnet\sdk\5.0.103\Extensions\Microsoft.Diagnostics.NETCore.Client.dll
C:\Program Files\dotnet\sdk\5.0.103\Extensions\Microsoft.TestPlatform.Extensions.BlameDataCollector.dll
C:\Program Files\dotnet\sdk\5.0.103\Extensions\Microsoft.TestPlatform.Extensions.EventLogCollector.dll
C:\Program Files\dotnet\sdk\5.0.103\Extensions\Microsoft.TestPlatform.TestHostRuntimeProvider.dll
C:\Program Files\dotnet\sdk\5.0.103\Extensions\Microsoft.VisualStudio.TestPlatform.Extensions.Html.TestLogger.dll
C:\Program Files\dotnet\sdk\5.0.103\Extensions\Microsoft.VisualStudio.TestPlatform.Extensions.Trx.TestLogger.dll
TpTrace Verbose: 0 : 15324, 1, 2021/03/17, 23:03:24.382, 446033390442, vstest.console.dll, TestPluginCache.GetExtensionPaths: Added unfilterableExtensionPaths: 
TpTrace Information: 0 : 15324, 1, 2021/03/17, 23:03:24.382, 446033398981, vstest.console.dll, AssemblyResolver.ctor: Creating AssemblyResolver with searchDirectories C:\Program Files\dotnet\sdk\5.0.103\Extensions,C:\Program Files\dotnet\sdk\5.0.103
TpTrace Verbose: 0 : 15324, 1, 2021/03/17, 23:03:24.384, 446033409223, vstest.console.dll, TestPluginCache.DiscoverTestExtensions: Discovering the extensions using extension path.
TpTrace Verbose: 0 : 15324, 1, 2021/03/17, 23:03:24.384, 446033410437, vstest.console.dll, TestPluginCache.GetExtensionPaths: Filtered extension paths: 
TpTrace Verbose: 0 : 15324, 1, 2021/03/17, 23:03:24.384, 446033411229, vstest.console.dll, TestPluginCache.GetExtensionPaths: Added default extension paths: C:\Program Files\dotnet\sdk\5.0.103\Extensions\Microsoft.Diagnostics.NETCore.Client.dll
C:\Program Files\dotnet\sdk\5.0.103\Extensions\Microsoft.TestPlatform.Extensions.BlameDataCollector.dll
C:\Program Files\dotnet\sdk\5.0.103\Extensions\Microsoft.TestPlatform.Extensions.EventLogCollector.dll
C:\Program Files\dotnet\sdk\5.0.103\Extensions\Microsoft.TestPlatform.TestHostRuntimeProvider.dll
C:\Program Files\dotnet\sdk\5.0.103\Extensions\Microsoft.VisualStudio.TestPlatform.Extensions.Html.TestLogger.dll
C:\Program Files\dotnet\sdk\5.0.103\Extensions\Microsoft.VisualStudio.TestPlatform.Extensions.Trx.TestLogger.dll
TpTrace Verbose: 0 : 15324, 1, 2021/03/17, 23:03:24.384, 446033411842, vstest.console.dll, TestPluginCache.GetExtensionPaths: Added unfilterableExtensionPaths: 
TpTrace Verbose: 0 : 15324, 1, 2021/03/17, 23:03:24.384, 446033412724, vstest.console.dll, TestPluginCache.DiscoverTestExtensions: Discovering the extensions using allExtensionPaths: C:\Program Files\dotnet\sdk\5.0.103\Extensions\Microsoft.Diagnostics.NETCore.Client.dll
C:\Program Files\dotnet\sdk\5.0.103\Extensions\Microsoft.TestPlatform.Extensions.BlameDataCollector.dll
C:\Program Files\dotnet\sdk\5.0.103\Extensions\Microsoft.TestPlatform.Extensions.EventLogCollector.dll
C:\Program Files\dotnet\sdk\5.0.103\Extensions\Microsoft.TestPlatform.TestHostRuntimeProvider.dll
C:\Program Files\dotnet\sdk\5.0.103\Extensions\Microsoft.VisualStudio.TestPlatform.Extensions.Html.TestLogger.dll
C:\Program Files\dotnet\sdk\5.0.103\Extensions\Microsoft.VisualStudio.TestPlatform.Extensions.Trx.TestLogger.dll
TpTrace Information: 0 : 15324, 1, 2021/03/17, 23:03:24.384, 446033414275, vstest.console.dll, AssemblyResolver.AddSearchDirectories: Adding more searchDirectories C:\Program Files\dotnet\sdk\5.0.103\Extensions,C:\Program Files\dotnet\sdk\5.0.103
TpTrace Information: 0 : 15324, 1, 2021/03/17, 23:03:24.384, 446033415669, vstest.console.dll, AssemblyResolver.AddSearchDirectories: Adding more searchDirectories C:\Program Files\dotnet\sdk\5.0.103\Extensions,C:\Program Files\dotnet\sdk\5.0.103
TpTrace Information: 0 : 15324, 1, 2021/03/17, 23:03:24.384, 446033416505, vstest.console.dll, AssemblyResolver.AddSearchDirectories: Adding more searchDirectories C:\Program Files\dotnet\sdk\5.0.103\Extensions,C:\Program Files\dotnet\sdk\5.0.103
TpTrace Information: 0 : 15324, 1, 2021/03/17, 23:03:24.384, 446033416926, vstest.console.dll, AssemblyResolver.AddSearchDirectories: Adding more searchDirectories C:\Program Files\dotnet\sdk\5.0.103\Extensions,C:\Program Files\dotnet\sdk\5.0.103
TpTrace Information: 0 : 15324, 1, 2021/03/17, 23:03:24.384, 446033417362, vstest.console.dll, AssemblyResolver.AddSearchDirectories: Adding more searchDirectories C:\Program Files\dotnet\sdk\5.0.103\Extensions,C:\Program Files\dotnet\sdk\5.0.103
TpTrace Information: 0 : 15324, 1, 2021/03/17, 23:03:24.384, 446033417835, vstest.console.dll, AssemblyResolver.AddSearchDirectories: Adding more searchDirectories C:\Program Files\dotnet\sdk\5.0.103\Extensions,C:\Program Files\dotnet\sdk\5.0.103
TpTrace Information: 0 : 15324, 1, 2021/03/17, 23:03:24.385, 446033421595, vstest.console.dll, AssemblyResolver.OnResolve: Microsoft.Diagnostics.NETCore.Client: Resolving assembly.
TpTrace Information: 0 : 15324, 1, 2021/03/17, 23:03:24.386, 446033433498, vstest.console.dll, AssemblyResolver.OnResolve: Resolved assembly: Microsoft.Diagnostics.NETCore.Client, from path: C:\Program Files\dotnet\sdk\5.0.103\Extensions\Microsoft.Diagnostics.NETCore.Client.dll
TpTrace Information: 0 : 15324, 1, 2021/03/17, 23:03:24.389, 446033460899, vstest.console.dll, AssemblyResolver.OnResolve: Microsoft.Bcl.AsyncInterfaces: Resolving assembly.
TpTrace Information: 0 : 15324, 1, 2021/03/17, 23:03:24.389, 446033463521, vstest.console.dll, AssemblyResolver.OnResolve: Microsoft.Bcl.AsyncInterfaces: Failed to load assembly.
TpTrace Verbose: 0 : 15324, 1, 2021/03/17, 23:03:24.389, 446033464182, vstest.console.dll, CurrentDomain_AssemblyResolve: Resolving assembly 'Microsoft.Bcl.AsyncInterfaces'.
TpTrace Information: 0 : 15324, 1, 2021/03/17, 23:03:24.389, 446033464999, vstest.console.dll, AssemblyResolver.OnResolve: Microsoft.Bcl.AsyncInterfaces: Resolving assembly.
TpTrace Information: 0 : 15324, 1, 2021/03/17, 23:03:24.389, 446033465505, vstest.console.dll, AssemblyResolver.OnResolve: Microsoft.Bcl.AsyncInterfaces: Resolved from cache.
TpTrace Verbose: 0 : 15324, 1, 2021/03/17, 23:03:24.389, 446033465909, vstest.console.dll, CurrentDomain_AssemblyResolve: Resolving assembly 'Microsoft.Bcl.AsyncInterfaces'.
TpTrace Verbose: 0 : 15324, 1, 2021/03/17, 23:03:24.389, 446033466390, vstest.console.dll, CurrentDomainAssemblyResolve: Failed to resolve assembly 'Microsoft.Bcl.AsyncInterfaces'.
TpTrace Verbose: 0 : 15324, 1, 2021/03/17, 23:03:24.390, 446033474354, vstest.console.dll, CurrentDomainAssemblyResolve: Failed to resolve assembly 'Microsoft.Bcl.AsyncInterfaces'.
TpTrace Warning: 0 : 15324, 1, 2021/03/17, 23:03:24.403, 446033605516, vstest.console.dll, TestPluginDiscoverer: Failed to get types from assembly 'Microsoft.Diagnostics.NETCore.Client, Version=0.2.2.41902, Culture=neutral, PublicKeyToken=31bf3856ad364e35'.  Skipping test extension scan for this assembly.  Error: System.Reflection.ReflectionTypeLoadException: Unable to load one or more of the requested types.
Could not load file or assembly 'Microsoft.Bcl.AsyncInterfaces, Version=1.0.0.0, Culture=neutral, PublicKeyToken=cc7b13ffcd2ddd51'. The system cannot find the file specified.
   at System.Reflection.RuntimeModule.GetTypes(RuntimeModule module)
   at System.Reflection.RuntimeModule.GetTypes()
   at System.Reflection.Assembly.GetTypes()
   at Microsoft.VisualStudio.TestPlatform.Common.ExtensionFramework.TestPluginDiscoverer.GetTestExtensionsFromAssembly[TPluginInfo,TExtension](Assembly assembly, Dictionary`2 pluginInfos)
System.IO.FileNotFoundException: Could not load file or assembly 'Microsoft.Bcl.AsyncInterfaces, Version=1.0.0.0, Culture=neutral, PublicKeyToken=cc7b13ffcd2ddd51'. The system cannot find the file specified.
File name: 'Microsoft.Bcl.AsyncInterfaces, Version=1.0.0.0, Culture=neutral, PublicKeyToken=cc7b13ffcd2ddd51'
TpTrace Warning: 0 : 15324, 1, 2021/03/17, 23:03:24.403, 446033607469, vstest.console.dll, LoaderExceptions: System.IO.FileNotFoundException: Could not load file or assembly 'Microsoft.Bcl.AsyncInterfaces, Version=1.0.0.0, Culture=neutral, PublicKeyToken=cc7b13ffcd2ddd51'. The system cannot find the file specified.
File name: 'Microsoft.Bcl.AsyncInterfaces, Version=1.0.0.0, Culture=neutral, PublicKeyToken=cc7b13ffcd2ddd51'
TpTrace Information: 0 : 15324, 1, 2021/03/17, 23:03:24.403, 446033608737, vstest.console.dll, AssemblyResolver.OnResolve: Microsoft.TestPlatform.Extensions.BlameDataCollector: Resolving assembly.
TpTrace Information: 0 : 15324, 1, 2021/03/17, 23:03:24.404, 446033616845, vstest.console.dll, AssemblyResolver.OnResolve: Resolved assembly: Microsoft.TestPlatform.Extensions.BlameDataCollector, from path: C:\Program Files\dotnet\sdk\5.0.103\Extensions\Microsoft.TestPlatform.Extensions.BlameDataCollector.dll
TpTrace Information: 0 : 15324, 1, 2021/03/17, 23:03:24.405, 446033622196, vstest.console.dll, AssemblyResolver.OnResolve: Microsoft.TestPlatform.Extensions.EventLogCollector: Resolving assembly.
TpTrace Information: 0 : 15324, 1, 2021/03/17, 23:03:24.405, 446033627938, vstest.console.dll, AssemblyResolver.OnResolve: Resolved assembly: Microsoft.TestPlatform.Extensions.EventLogCollector, from path: C:\Program Files\dotnet\sdk\5.0.103\Extensions\Microsoft.TestPlatform.Extensions.EventLogCollector.dll
TpTrace Information: 0 : 15324, 1, 2021/03/17, 23:03:24.407, 446033645443, vstest.console.dll, AssemblyResolver.OnResolve: Microsoft.TestPlatform.TestHostRuntimeProvider: Resolving assembly.
TpTrace Information: 0 : 15324, 1, 2021/03/17, 23:03:24.408, 446033652256, vstest.console.dll, AssemblyResolver.OnResolve: Resolved assembly: Microsoft.TestPlatform.TestHostRuntimeProvider, from path: C:\Program Files\dotnet\sdk\5.0.103\Extensions\Microsoft.TestPlatform.TestHostRuntimeProvider.dll
TpTrace Information: 0 : 15324, 1, 2021/03/17, 23:03:24.409, 446033663059, vstest.console.dll, AssemblyResolver.OnResolve: Microsoft.VisualStudio.TestPlatform.Extensions.Html.TestLogger: Resolving assembly.
TpTrace Information: 0 : 15324, 1, 2021/03/17, 23:03:24.410, 446033669736, vstest.console.dll, AssemblyResolver.OnResolve: Resolved assembly: Microsoft.VisualStudio.TestPlatform.Extensions.Html.TestLogger, from path: C:\Program Files\dotnet\sdk\5.0.103\Extensions\Microsoft.VisualStudio.TestPlatform.Extensions.Html.TestLogger.dll
TpTrace Information: 0 : 15324, 1, 2021/03/17, 23:03:24.410, 446033672023, vstest.console.dll, AssemblyResolver.OnResolve: Microsoft.VisualStudio.TestPlatform.Extensions.Trx.TestLogger: Resolving assembly.
TpTrace Information: 0 : 15324, 1, 2021/03/17, 23:03:24.410, 446033678879, vstest.console.dll, AssemblyResolver.OnResolve: Resolved assembly: Microsoft.VisualStudio.TestPlatform.Extensions.Trx.TestLogger, from path: C:\Program Files\dotnet\sdk\5.0.103\Extensions\Microsoft.VisualStudio.TestPlatform.Extensions.Trx.TestLogger.dll
TpTrace Verbose: 0 : 15324, 1, 2021/03/17, 23:03:24.412, 446033689471, vstest.console.dll, TestPluginCache: Discovered the extensions using extension path ''.
TpTrace Verbose: 0 : 15324, 1, 2021/03/17, 23:03:24.412, 446033690051, vstest.console.dll, TestPluginCache: Discoverers are ''.
TpTrace Verbose: 0 : 15324, 1, 2021/03/17, 23:03:24.412, 446033690430, vstest.console.dll, TestPluginCache: Executors are ''.
TpTrace Verbose: 0 : 15324, 1, 2021/03/17, 23:03:24.412, 446033690810, vstest.console.dll, TestPluginCache: Executors2 are ''.
TpTrace Verbose: 0 : 15324, 1, 2021/03/17, 23:03:24.412, 446033691229, vstest.console.dll, TestPluginCache: Setting providers are ''.
TpTrace Verbose: 0 : 15324, 1, 2021/03/17, 23:03:24.412, 446033691577, vstest.console.dll, TestPluginCache: Loggers are ''.
TpTrace Information: 0 : 15324, 1, 2021/03/17, 23:03:24.417, 446033745484, vstest.console.dll, RunTestsArgumentProcessor:Execute: Test run is starting.
TpTrace Verbose: 0 : 15324, 1, 2021/03/17, 23:03:24.417, 446033746509, vstest.console.dll, RunTestsArgumentProcessor:Execute: Queuing Test run.
TpTrace Information: 0 : 15324, 1, 2021/03/17, 23:03:24.417, 446033748228, vstest.console.dll, TestRequestManager.RunTests: run tests started.
TpTrace Information: 0 : 15324, 1, 2021/03/17, 23:03:24.429, 446033863866, vstest.console.dll, AssemblyMetadataProvider.GetFrameWork: Determined framework:'.NETCoreApp,Version=v3.1' for source: 'C:\Users\atmil\OneDrive\Documents\1 Programming\Projects\myWork\ozoneprimeTests\bin\Debug\netcoreapp3.1\fine-code-coverage\build-output\ozoneprimeTests.dll'
TpTrace Information: 0 : 15324, 1, 2021/03/17, 23:03:24.429, 446033865625, vstest.console.dll, Determined framework for all sources: .NETCoreApp,Version=v3.1
TpTrace Information: 0 : 15324, 1, 2021/03/17, 23:03:24.430, 446033869947, vstest.console.dll, AssemblyMetadataProvider.GetArchitecture: Determined architecture:AnyCPU info for assembly: C:\Users\atmil\OneDrive\Documents\1 Programming\Projects\myWork\ozoneprimeTests\bin\Debug\netcoreapp3.1\fine-code-coverage\build-output\ozoneprimeTests.dll
TpTrace Information: 0 : 15324, 1, 2021/03/17, 23:03:24.431, 446033886407, vstest.console.dll, Determined platform for all sources: X64
TpTrace Information: 0 : 15324, 1, 2021/03/17, 23:03:24.434, 446033910602, vstest.console.dll, Compatible sources list : 
TpTrace Information: 0 : 15324, 1, 2021/03/17, 23:03:24.434, 446033911545, vstest.console.dll, C:\Users\atmil\OneDrive\Documents\1 Programming\Projects\myWork\ozoneprimeTests\bin\Debug\netcoreapp3.1\fine-code-coverage\build-output\ozoneprimeTests.dll
TpTrace Information: 0 : 15324, 1, 2021/03/17, 23:03:24.435, 446033928738, vstest.console.dll, InferRunSettingsHelper.IsTestSettingsEnabled: Unable to navigate to RunSettings/MSTest. Current node: RunSettings
TpTrace Information: 0 : 15324, 1, 2021/03/17, 23:03:24.436, 446033935515, vstest.console.dll, AssemblyResolver.OnResolve: Microsoft.VisualStudio.TestPlatform.Fakes: Resolving assembly.
TpTrace Information: 0 : 15324, 1, 2021/03/17, 23:03:24.436, 446033938098, vstest.console.dll, AssemblyResolver.OnResolve: Microsoft.VisualStudio.TestPlatform.Fakes: Failed to load assembly.
TpTrace Information: 0 : 15324, 1, 2021/03/17, 23:03:24.437, 446033941418, vstest.console.dll, Failed to create newly implemented Fakes Configurator. Reason:System.IO.FileNotFoundException: Could not load file or assembly 'Microsoft.VisualStudio.TestPlatform.Fakes, Version=16.0.0.0, Culture=neutral, PublicKeyToken=null'. The system cannot find the file specified.
File name: 'Microsoft.VisualStudio.TestPlatform.Fakes, Version=16.0.0.0, Culture=neutral, PublicKeyToken=null'
   at System.Reflection.RuntimeAssembly.InternalLoad(ObjectHandleOnStack assemblyName, ObjectHandleOnStack requestingAssembly, StackCrawlMarkHandle stackMark, Boolean throwOnFileNotFound, ObjectHandleOnStack assemblyLoadContext, ObjectHandleOnStack retAssembly)
   at System.Reflection.RuntimeAssembly.InternalLoad(AssemblyName assemblyName, RuntimeAssembly requestingAssembly, StackCrawlMark& stackMark, Boolean throwOnFileNotFound, AssemblyLoadContext assemblyLoadContext)
   at System.Reflection.Assembly.Load(String assemblyString)
   at Microsoft.VisualStudio.TestPlatform.Common.Utilities.FakesUtilities.TryGetFakesCrossPlatformDataCollectorConfigurator() 
TpTrace Verbose: 0 : 15324, 1, 2021/03/17, 23:03:24.441, 446033980952, vstest.console.dll, TestPluginCache.DiscoverTestExtensions: finding test extensions in assemblies ends with: TestLogger.dll TPluginInfo: Microsoft.VisualStudio.TestPlatform.Common.ExtensionFramework.Utilities.TestLoggerPluginInformation TExtension: Microsoft.VisualStudio.TestPlatform.ObjectModel.Client.ITestLogger
TpTrace Verbose: 0 : 15324, 1, 2021/03/17, 23:03:24.441, 446033983150, vstest.console.dll, TestPluginCache.GetExtensionPaths: Filtered extension paths: 
TpTrace Verbose: 0 : 15324, 1, 2021/03/17, 23:03:24.441, 446033984081, vstest.console.dll, TestPluginCache.GetExtensionPaths: Added default extension paths: C:\Program Files\dotnet\sdk\5.0.103\Extensions\Microsoft.Diagnostics.NETCore.Client.dll
C:\Program Files\dotnet\sdk\5.0.103\Extensions\Microsoft.TestPlatform.Extensions.BlameDataCollector.dll
C:\Program Files\dotnet\sdk\5.0.103\Extensions\Microsoft.TestPlatform.Extensions.EventLogCollector.dll
C:\Program Files\dotnet\sdk\5.0.103\Extensions\Microsoft.TestPlatform.TestHostRuntimeProvider.dll
C:\Program Files\dotnet\sdk\5.0.103\Extensions\Microsoft.VisualStudio.TestPlatform.Extensions.Html.TestLogger.dll
C:\Program Files\dotnet\sdk\5.0.103\Extensions\Microsoft.VisualStudio.TestPlatform.Extensions.Trx.TestLogger.dll
TpTrace Verbose: 0 : 15324, 1, 2021/03/17, 23:03:24.441, 446033985139, vstest.console.dll, TestPluginCache.GetExtensionPaths: Added unfilterableExtensionPaths: 
TpTrace Information: 0 : 15324, 1, 2021/03/17, 23:03:24.441, 446033987079, vstest.console.dll, AssemblyResolver.AddSearchDirectories: Adding more searchDirectories C:\Program Files\dotnet\sdk\5.0.103\Extensions,C:\Program Files\dotnet\sdk\5.0.103
TpTrace Verbose: 0 : 15324, 1, 2021/03/17, 23:03:24.441, 446033987855, vstest.console.dll, TestPluginCache.DiscoverTestExtensions: Discovering the extensions using extension path.
TpTrace Verbose: 0 : 15324, 1, 2021/03/17, 23:03:24.441, 446033988358, vstest.console.dll, TestPluginCache.GetExtensionPaths: Filtered extension paths: 
TpTrace Verbose: 0 : 15324, 1, 2021/03/17, 23:03:24.441, 446033989088, vstest.console.dll, TestPluginCache.GetExtensionPaths: Added default extension paths: C:\Program Files\dotnet\sdk\5.0.103\Extensions\Microsoft.Diagnostics.NETCore.Client.dll
C:\Program Files\dotnet\sdk\5.0.103\Extensions\Microsoft.TestPlatform.Extensions.BlameDataCollector.dll
C:\Program Files\dotnet\sdk\5.0.103\Extensions\Microsoft.TestPlatform.Extensions.EventLogCollector.dll
C:\Program Files\dotnet\sdk\5.0.103\Extensions\Microsoft.TestPlatform.TestHostRuntimeProvider.dll
C:\Program Files\dotnet\sdk\5.0.103\Extensions\Microsoft.VisualStudio.TestPlatform.Extensions.Html.TestLogger.dll
C:\Program Files\dotnet\sdk\5.0.103\Extensions\Microsoft.VisualStudio.TestPlatform.Extensions.Trx.TestLogger.dll
TpTrace Verbose: 0 : 15324, 1, 2021/03/17, 23:03:24.442, 446033989723, vstest.console.dll, TestPluginCache.GetExtensionPaths: Added unfilterableExtensionPaths: 
TpTrace Verbose: 0 : 15324, 1, 2021/03/17, 23:03:24.442, 446033990483, vstest.console.dll, TestPluginCache.DiscoverTestExtensions: Discovering the extensions using allExtensionPaths: C:\Program Files\dotnet\sdk\5.0.103\Extensions\Microsoft.Diagnostics.NETCore.Client.dll
C:\Program Files\dotnet\sdk\5.0.103\Extensions\Microsoft.TestPlatform.Extensions.BlameDataCollector.dll
C:\Program Files\dotnet\sdk\5.0.103\Extensions\Microsoft.TestPlatform.Extensions.EventLogCollector.dll
C:\Program Files\dotnet\sdk\5.0.103\Extensions\Microsoft.TestPlatform.TestHostRuntimeProvider.dll
C:\Program Files\dotnet\sdk\5.0.103\Extensions\Microsoft.VisualStudio.TestPlatform.Extensions.Html.TestLogger.dll
C:\Program Files\dotnet\sdk\5.0.103\Extensions\Microsoft.VisualStudio.TestPlatform.Extensions.Trx.TestLogger.dll
TpTrace Information: 0 : 15324, 1, 2021/03/17, 23:03:24.442, 446033991160, vstest.console.dll, AssemblyResolver.AddSearchDirectories: Adding more searchDirectories C:\Program Files\dotnet\sdk\5.0.103\Extensions,C:\Program Files\dotnet\sdk\5.0.103
TpTrace Information: 0 : 15324, 1, 2021/03/17, 23:03:24.442, 446033991821, vstest.console.dll, AssemblyResolver.AddSearchDirectories: Adding more searchDirectories C:\Program Files\dotnet\sdk\5.0.103\Extensions,C:\Program Files\dotnet\sdk\5.0.103
TpTrace Information: 0 : 15324, 1, 2021/03/17, 23:03:24.442, 446033992555, vstest.console.dll, AssemblyResolver.AddSearchDirectories: Adding more searchDirectories C:\Program Files\dotnet\sdk\5.0.103\Extensions,C:\Program Files\dotnet\sdk\5.0.103
TpTrace Information: 0 : 15324, 1, 2021/03/17, 23:03:24.442, 446033993767, vstest.console.dll, AssemblyResolver.AddSearchDirectories: Adding more searchDirectories C:\Program Files\dotnet\sdk\5.0.103\Extensions,C:\Program Files\dotnet\sdk\5.0.103
TpTrace Information: 0 : 15324, 1, 2021/03/17, 23:03:24.442, 446033994168, vstest.console.dll, AssemblyResolver.AddSearchDirectories: Adding more searchDirectories C:\Program Files\dotnet\sdk\5.0.103\Extensions,C:\Program Files\dotnet\sdk\5.0.103
TpTrace Information: 0 : 15324, 1, 2021/03/17, 23:03:24.442, 446033994946, vstest.console.dll, AssemblyResolver.AddSearchDirectories: Adding more searchDirectories C:\Program Files\dotnet\sdk\5.0.103\Extensions,C:\Program Files\dotnet\sdk\5.0.103
TpTrace Information: 0 : 15324, 1, 2021/03/17, 23:03:24.442, 446033996860, vstest.console.dll, AssemblyResolver.OnResolve: Microsoft.Bcl.AsyncInterfaces: Resolving assembly.
TpTrace Information: 0 : 15324, 1, 2021/03/17, 23:03:24.442, 446033997267, vstest.console.dll, AssemblyResolver.OnResolve: Microsoft.Bcl.AsyncInterfaces: Resolved from cache.
TpTrace Verbose: 0 : 15324, 1, 2021/03/17, 23:03:24.442, 446033997959, vstest.console.dll, CurrentDomain_AssemblyResolve: Resolving assembly 'Microsoft.Bcl.AsyncInterfaces'.
TpTrace Information: 0 : 15324, 1, 2021/03/17, 23:03:24.442, 446033998762, vstest.console.dll, AssemblyResolver.OnResolve: Microsoft.Bcl.AsyncInterfaces: Resolving assembly.
TpTrace Information: 0 : 15324, 1, 2021/03/17, 23:03:24.443, 446033999444, vstest.console.dll, AssemblyResolver.OnResolve: Microsoft.Bcl.AsyncInterfaces: Resolved from cache.
TpTrace Verbose: 0 : 15324, 1, 2021/03/17, 23:03:24.443, 446033999998, vstest.console.dll, CurrentDomain_AssemblyResolve: Resolving assembly 'Microsoft.Bcl.AsyncInterfaces'.
TpTrace Verbose: 0 : 15324, 1, 2021/03/17, 23:03:24.443, 446034000529, vstest.console.dll, CurrentDomainAssemblyResolve: Failed to resolve assembly 'Microsoft.Bcl.AsyncInterfaces'.
TpTrace Verbose: 0 : 15324, 1, 2021/03/17, 23:03:24.443, 446034002312, vstest.console.dll, CurrentDomainAssemblyResolve: Failed to resolve assembly 'Microsoft.Bcl.AsyncInterfaces'.
TpTrace Warning: 0 : 15324, 1, 2021/03/17, 23:03:24.443, 446034005088, vstest.console.dll, TestPluginDiscoverer: Failed to get types from assembly 'Microsoft.Diagnostics.NETCore.Client, Version=0.2.2.41902, Culture=neutral, PublicKeyToken=31bf3856ad364e35'.  Skipping test extension scan for this assembly.  Error: System.Reflection.ReflectionTypeLoadException: Unable to load one or more of the requested types.
Could not load file or assembly 'Microsoft.Bcl.AsyncInterfaces, Version=1.0.0.0, Culture=neutral, PublicKeyToken=cc7b13ffcd2ddd51'. The system cannot find the file specified.
   at System.Reflection.RuntimeModule.GetTypes(RuntimeModule module)
   at System.Reflection.RuntimeModule.GetTypes()
   at System.Reflection.Assembly.GetTypes()
   at Microsoft.VisualStudio.TestPlatform.Common.ExtensionFramework.TestPluginDiscoverer.GetTestExtensionsFromAssembly[TPluginInfo,TExtension](Assembly assembly, Dictionary`2 pluginInfos)
System.IO.FileNotFoundException: Could not load file or assembly 'Microsoft.Bcl.AsyncInterfaces, Version=1.0.0.0, Culture=neutral, PublicKeyToken=cc7b13ffcd2ddd51'. The system cannot find the file specified.
File name: 'Microsoft.Bcl.AsyncInterfaces, Version=1.0.0.0, Culture=neutral, PublicKeyToken=cc7b13ffcd2ddd51'
TpTrace Warning: 0 : 15324, 1, 2021/03/17, 23:03:24.443, 446034005910, vstest.console.dll, LoaderExceptions: System.IO.FileNotFoundException: Could not load file or assembly 'Microsoft.Bcl.AsyncInterfaces, Version=1.0.0.0, Culture=neutral, PublicKeyToken=cc7b13ffcd2ddd51'. The system cannot find the file specified.
File name: 'Microsoft.Bcl.AsyncInterfaces, Version=1.0.0.0, Culture=neutral, PublicKeyToken=cc7b13ffcd2ddd51'
TpTrace Verbose: 0 : 15324, 1, 2021/03/17, 23:03:24.443, 446034009013, vstest.console.dll, TestPluginCache: Discovered the extensions using extension path ''.
TpTrace Verbose: 0 : 15324, 1, 2021/03/17, 23:03:24.444, 446034009626, vstest.console.dll, TestPluginCache: Discoverers are ''.
TpTrace Verbose: 0 : 15324, 1, 2021/03/17, 23:03:24.444, 446034009988, vstest.console.dll, TestPluginCache: Executors are ''.
TpTrace Verbose: 0 : 15324, 1, 2021/03/17, 23:03:24.444, 446034010325, vstest.console.dll, TestPluginCache: Executors2 are ''.
TpTrace Verbose: 0 : 15324, 1, 2021/03/17, 23:03:24.444, 446034010658, vstest.console.dll, TestPluginCache: Setting providers are ''.
TpTrace Verbose: 0 : 15324, 1, 2021/03/17, 23:03:24.444, 446034011692, vstest.console.dll, TestPluginCache: Loggers are 'logger://Microsoft/TestPlatform/Extensions/Blame/v1,logger://Microsoft/TestPlatform/HtmlLogger/v1,logger://Microsoft/TestPlatform/TrxLogger/v1'.
TpTrace Information: 0 : 15324, 1, 2021/03/17, 23:03:24.444, 446034017431, vstest.console.dll, TestPluginManager.CreateTestExtension: Attempting to load test extension: Microsoft.TestPlatform.Extensions.BlameDataCollector.BlameLogger
TpTrace Information: 0 : 15324, 1, 2021/03/17, 23:03:24.453, 446034099348, vstest.console.dll, TestPluginManager.CreateTestExtension: Attempting to load test extension: Microsoft.VisualStudio.TestPlatform.CrossPlatEngine.Hosting.DefaultTestHostManager
TpTrace Information: 0 : 15324, 1, 2021/03/17, 23:03:24.453, 446034102321, vstest.console.dll, TestPluginManager.CreateTestExtension: Attempting to load test extension: Microsoft.VisualStudio.TestPlatform.CrossPlatEngine.Hosting.DotnetTestHostManager
TpTrace Verbose: 0 : 15324, 1, 2021/03/17, 23:03:24.454, 446034113207, vstest.console.dll, TestEngine: Initializing Parallel Execution as MaxCpuCount is set to: 1
TpTrace Information: 0 : 15324, 1, 2021/03/17, 23:03:24.455, 446034119573, vstest.console.dll, InferRunSettingsHelper.IsTestSettingsEnabled: Unable to navigate to RunSettings/MSTest. Current node: RunSettings
TpTrace Verbose: 0 : 15324, 1, 2021/03/17, 23:03:24.466, 446034229491, vstest.console.dll, TestRequestSender is acting as server
TpTrace Verbose: 0 : 15324, 4, 2021/03/17, 23:03:24.468, 446034258349, vstest.console.dll, DataCollectionRequestSender.InitializeCommunication : Initialize communication. 
TpTrace Information: 0 : 15324, 4, 2021/03/17, 23:03:24.484, 446034411787, vstest.console.dll, Listening on Endpoint : 127.0.0.1:54980
TpTrace Verbose: 0 : 15324, 4, 2021/03/17, 23:03:24.497, 446034539848, vstest.console.dll, DotnetDataCollectionLauncher: Full path of dotnet.exe is C:\Program Files\dotnet\dotnet.exe
TpTrace Verbose: 0 : 15324, 4, 2021/03/17, 23:03:24.497, 446034542129, vstest.console.dll, DotnetDataCollectionLauncher: Adding  --runtimeconfig "C:\Program Files\dotnet\sdk\5.0.103\datacollector.runtimeconfig.json" in args
TpTrace Verbose: 0 : 15324, 4, 2021/03/17, 23:03:24.497, 446034543233, vstest.console.dll, DotnetDataCollectionLauncher: Adding  --depsfile "C:\Program Files\dotnet\sdk\5.0.103\datacollector.deps.json" in args
TpTrace Information: 0 : 15324, 4, 2021/03/17, 23:03:24.509, 446034661664, vstest.console.dll, ProxyDataCollectionManager.Initialize: Launched datacollector processId: 20064 port: 54980
TpTrace Information: 0 : 15324, 4, 2021/03/17, 23:03:24.509, 446034663713, vstest.console.dll, ProxyDataCollectionManager.Initialize: waiting for connection with timeout: 90 seconds
TpTrace Verbose: 0 : 15324, 4, 2021/03/17, 23:03:24.509, 446034664664, vstest.console.dll, DataCollectionRequestSender.WaitForRequestHandlerConnection : Waiting for connection with timeout: 90000
TpTrace Information: 0 : 15324, 7, 2021/03/17, 23:03:24.696, 446036530932, vstest.console.dll, Using the buffer size of 16384 bytes
TpTrace Verbose: 0 : 15324, 4, 2021/03/17, 23:03:24.696, 446036531650, vstest.console.dll, ProxyDataCollectionManager.InvokeDataCollectionServiceAction: Starting.
TpTrace Information: 0 : 15324, 7, 2021/03/17, 23:03:24.696, 446036532354, vstest.console.dll, Accepted Client request and set the flag
TpTrace Information: 0 : 15324, 4, 2021/03/17, 23:03:24.696, 446036534163, vstest.console.dll, ProxyDataCollectionManager.BeforeTestRunStart: Get environment variable and port for datacollector processId: 20064 port: 54980
TpTrace Verbose: 0 : 15324, 4, 2021/03/17, 23:03:24.696, 446036536462, vstest.console.dll, DataCollectionRequestSender.SendBeforeTestRunStartAndGetResult : Send BeforeTestRunStart message with settingsXml <RunSettings><RunConfiguration><ResultsDirectory>C:\Users\atmil\OneDrive\Documents\1 Programming\Projects\myWork\ozoneprimeTests\bin\Debug\netcoreapp3.1\fine-code-coverage\coverage-tool-output</ResultsDirectory><TargetPlatform>X64</TargetPlatform><TargetFrameworkVersion>.NETCoreApp,Version=v3.1</TargetFrameworkVersion><DesignMode>False</DesignMode><CollectSourceInformation>False</CollectSourceInformation><TestAdaptersPaths>C:\Program Files\dotnet\sdk\5.0.103\Extensions</TestAdaptersPaths></RunConfiguration><LoggerRunSettings><Loggers><Logger friendlyName="blame" enabled="True" /><Logger friendlyName="Console" uri="logger://microsoft/TestPlatform/ConsoleLogger/v1" assemblyQualifiedName="Microsoft.VisualStudio.TestPlatform.CommandLine.Internal.ConsoleLogger, vstest.console, Version=15.0.0.0, Culture=neutral, PublicKeyToken=b03f5f7f11d50a3a" codeBase="C:\Program Files\dotnet\sdk\5.0.103\vstest.console.dll" enabled="True" /></Loggers></LoggerRunSettings><DataCollectionRunSettings><DataCollectors><DataCollector friendlyName="blame" enabled="True"><Configuration><ResultsDirectory>C:\Users\atmil\OneDrive\Documents\1 Programming\Projects\myWork\ozoneprimeTests\bin\Debug\netcoreapp3.1\fine-code-coverage\coverage-tool-output</ResultsDirectory></Configuration></DataCollector></DataCollectors></DataCollectionRunSettings></RunSettings> and sources System.Linq.Enumerable+Concat2Iterator`1[System.String]: 
TpTrace Verbose: 0 : 15324, 4, 2021/03/17, 23:03:24.799, 446037560009, vstest.console.dll, DataCollectionRequestSender.SendBeforeTestRunStartAndGetResult : Received message: (DataCollection.SendMessage) -> {
  "FriendlyName": null,
  "Uri": null,
  "TestCaseId": "00000000-0000-0000-0000-000000000000",
  "Message": "Logging DataCollector Diagnostics in file: C:\\Users\\atmil\\OneDrive\\Documents\\1 Programming\\Projects\\myWork\\ozoneprimeTests\\bin\\Debug\\netcoreapp3.1\\fine-code-coverage\\coverage-tool-output\\diagnostics.datacollector.21-03-17_23-03-24_49180_4.log",
  "Level": 0
}
TpTrace Verbose: 0 : 15324, 4, 2021/03/17, 23:03:24.864, 446038213469, vstest.console.dll, DataCollectionRequestSender.SendBeforeTestRunStartAndGetResult : Received message: (DataCollection.BeforeTestRunStartResult) -> {
  "EnvironmentVariables": {},
  "DataCollectionEventsPort": 54982
}
TpTrace Information: 0 : 15324, 4, 2021/03/17, 23:03:24.867, 446038248111, vstest.console.dll, ProxyDataCollectionManager.BeforeTestRunStart: SendBeforeTestRunStartAndGetResult successful, env variable from datacollector:   and testhost port: 54982
TpTrace Information: 0 : 15324, 4, 2021/03/17, 23:03:24.868, 446038249515, vstest.console.dll, ProxyDataCollectionManager.InvokeDataCollectionServiceAction: Completed.
TpTrace Verbose: 0 : 15324, 1, 2021/03/17, 23:03:24.868, 446038251254, vstest.console.dll, TestRunRequest.ExecuteAsync: Creating test run request.
TpTrace Verbose: 0 : 15324, 1, 2021/03/17, 23:03:24.868, 446038253965, vstest.console.dll, TestRunRequest.ExecuteAsync: Starting.
TpTrace Information: 0 : 15324, 1, 2021/03/17, 23:03:24.868, 446038258239, vstest.console.dll, TestRunRequest.ExecuteAsync: Starting run with settings:TestRunCriteria:
   KeepAlive=False,FrequencyOfRunStatsChangeEvent=10,RunStatsChangeEventTimeout=00:00:01.5000000,TestCaseFilter=,TestExecutorLauncher=
   Settingsxml=<RunSettings>
  <RunConfiguration>
    <ResultsDirectory>C:\Users\atmil\OneDrive\Documents\1 Programming\Projects\myWork\ozoneprimeTests\bin\Debug\netcoreapp3.1\fine-code-coverage\coverage-tool-output</ResultsDirectory>
    <TargetPlatform>X64</TargetPlatform>
    <TargetFrameworkVersion>.NETCoreApp,Version=v3.1</TargetFrameworkVersion>
    <DesignMode>False</DesignMode>
    <CollectSourceInformation>False</CollectSourceInformation>
  </RunConfiguration>
  <LoggerRunSettings>
    <Loggers>
      <Logger friendlyName="blame" enabled="True" />
      <Logger friendlyName="Console" uri="logger://microsoft/TestPlatform/ConsoleLogger/v1" assemblyQualifiedName="Microsoft.VisualStudio.TestPlatform.CommandLine.Internal.ConsoleLogger, vstest.console, Version=15.0.0.0, Culture=neutral, PublicKeyToken=b03f5f7f11d50a3a" codeBase="C:\Program Files\dotnet\sdk\5.0.103\vstest.console.dll" enabled="True" />
    </Loggers>
  </LoggerRunSettings>
  <DataCollectionRunSettings>
    <DataCollectors>
      <DataCollector friendlyName="blame" enabled="True">
        <Configuration>
          <ResultsDirectory>C:\Users\atmil\OneDrive\Documents\1 Programming\Projects\myWork\ozoneprimeTests\bin\Debug\netcoreapp3.1\fine-code-coverage\coverage-tool-output</ResultsDirectory>
        </Configuration>
      </DataCollector>
    </DataCollectors>
  </DataCollectionRunSettings>
</RunSettings>

TpTrace Verbose: 0 : 15324, 1, 2021/03/17, 23:03:24.869, 446038259558, vstest.console.dll, TestRunRequest.ExecuteAsync: Wait for the first run request is over.
TpTrace Verbose: 0 : 15324, 1, 2021/03/17, 23:03:24.869, 446038263468, vstest.console.dll, ParallelProxyExecutionManager: Start execution. Total sources: 1
TpTrace Information: 0 : 15324, 1, 2021/03/17, 23:03:24.870, 446038274332, vstest.console.dll, ProxyParallelExecutionManager: Triggering test run for next source: C:\Users\atmil\OneDrive\Documents\1 Programming\Projects\myWork\ozoneprimeTests\bin\Debug\netcoreapp3.1\fine-code-coverage\build-output\ozoneprimeTests.dll
TpTrace Verbose: 0 : 15324, 4, 2021/03/17, 23:03:24.870, 446038276789, vstest.console.dll, ParallelProxyExecutionManager: Execution started. Started clients: 1
TpTrace Verbose: 0 : 15324, 1, 2021/03/17, 23:03:24.870, 446038277038, vstest.console.dll, ProxyParallelExecutionManager: No sources available for execution.
TpTrace Information: 0 : 15324, 1, 2021/03/17, 23:03:24.870, 446038278513, vstest.console.dll, TestRunRequest.ExecuteAsync: Started.
TpTrace Verbose: 0 : 15324, 1, 2021/03/17, 23:03:24.871, 446038279289, vstest.console.dll, TestRunRequest.WaitForCompletion: Waiting with timeout -1.
TpTrace Verbose: 0 : 15324, 4, 2021/03/17, 23:03:24.871, 446038280015, vstest.console.dll, TestRunRequest:SendTestRunMessage: Starting.
TpTrace Information: 0 : 15324, 4, 2021/03/17, 23:03:24.871, 446038281206, vstest.console.dll, TestRunRequest:SendTestRunMessage: Completed.
TpTrace Verbose: 0 : 15324, 4, 2021/03/17, 23:03:24.871, 446038283044, vstest.console.dll, ProxyExecutionManager: Test host is always Lazy initialize.
TpTrace Verbose: 0 : 15324, 4, 2021/03/17, 23:03:24.871, 446038285295, vstest.console.dll, TestRequestSender.InitializeCommunication: initialize communication. 
TpTrace Information: 0 : 15324, 4, 2021/03/17, 23:03:24.872, 446038290368, vstest.console.dll, SocketServer.Start: Listening on endpoint : 127.0.0.1:54983
TpTrace Verbose: 0 : 15324, 4, 2021/03/17, 23:03:24.872, 446038297385, vstest.console.dll, DotnetTestHostmanager: Adding  --runtimeconfig "C:\Users\atmil\OneDrive\Documents\1 Programming\Projects\myWork\ozoneprimeTests\bin\Debug\netcoreapp3.1\fine-code-coverage\build-output\ozoneprimeTests.runtimeconfig.json" in args
TpTrace Verbose: 0 : 15324, 4, 2021/03/17, 23:03:24.872, 446038298610, vstest.console.dll, DotnetTestHostmanager: Adding  --depsfile "C:\Users\atmil\OneDrive\Documents\1 Programming\Projects\myWork\ozoneprimeTests\bin\Debug\netcoreapp3.1\fine-code-coverage\build-output\ozoneprimeTests.deps.json" in args
TpTrace Verbose: 0 : 15324, 4, 2021/03/17, 23:03:24.873, 446038300597, vstest.console.dll, DotnetTestHostManager: Testhost.exe/testhost.x86.exe found at path: C:\Users\atmil\OneDrive\Documents\1 Programming\Projects\myWork\ozoneprimeTests\bin\Debug\netcoreapp3.1\fine-code-coverage\build-output\testhost.exe
TpTrace Verbose: 0 : 15324, 4, 2021/03/17, 23:03:24.873, 446038301239, vstest.console.dll, DotnetTestHostmanager: Full path of host exe is C:\Users\atmil\OneDrive\Documents\1 Programming\Projects\myWork\ozoneprimeTests\bin\Debug\netcoreapp3.1\fine-code-coverage\build-output\testhost.exe
TpTrace Verbose: 0 : 15324, 6, 2021/03/17, 23:03:24.874, 446038309447, vstest.console.dll, DotnetTestHostManager: Starting process 'C:\Users\atmil\OneDrive\Documents\1 Programming\Projects\myWork\ozoneprimeTests\bin\Debug\netcoreapp3.1\fine-code-coverage\build-output\testhost.exe' with command line ' --runtimeconfig "C:\Users\atmil\OneDrive\Documents\1 Programming\Projects\myWork\ozoneprimeTests\bin\Debug\netcoreapp3.1\fine-code-coverage\build-output\ozoneprimeTests.runtimeconfig.json" --depsfile "C:\Users\atmil\OneDrive\Documents\1 Programming\Projects\myWork\ozoneprimeTests\bin\Debug\netcoreapp3.1\fine-code-coverage\build-output\ozoneprimeTests.deps.json" --port 54983 --endpoint 127.0.0.1:054983 --role client --parentprocessid 15324 --diag "C:\Users\atmil\OneDrive\Documents\1 Programming\Projects\myWork\ozoneprimeTests\bin\Debug\netcoreapp3.1\fine-code-coverage\coverage-tool-output\diagnostics.host.21-03-17_23-03-24_87241_4.log" --tracelevel 4 --datacollectionport 54982 --telemetryoptedin false'
TpTrace Verbose: 0 : 15324, 6, 2021/03/17, 23:03:24.881, 446038387650, vstest.console.dll, Test Runtime launched
TpTrace Verbose: 0 : 15324, 4, 2021/03/17, 23:03:24.882, 446038396815, vstest.console.dll, TestRequestSender.WaitForRequestHandlerConnection: waiting for connection with timeout: 90000
TpTrace Verbose: 0 : 15324, 6, 2021/03/17, 23:03:25.136, 446040934452, vstest.console.dll, SocketServer.OnClientConnected: Client connected for endPoint: 127.0.0.1:54983, starting MessageLoopAsync:
TpTrace Verbose: 0 : 15324, 6, 2021/03/17, 23:03:25.136, 446040937838, vstest.console.dll, TcpClientExtensions.MessageLoopAsync: Polling on remoteEndPoint: 127.0.0.1:54984 localEndPoint: 127.0.0.1:54983
TpTrace Verbose: 0 : 15324, 6, 2021/03/17, 23:03:25.297, 446042544663, vstest.console.dll, TcpClientExtensions.MessageLoopAsync: NotifyDataAvailable remoteEndPoint: 127.0.0.1:54984 localEndPoint: 127.0.0.1:54983
TpTrace Verbose: 0 : 15324, 6, 2021/03/17, 23:03:25.297, 446042547697, vstest.console.dll, TestRequestSender.CheckVersionWithTestHost: onMessageReceived received message: (ProtocolVersion) -> 2
TpTrace Verbose: 0 : 15324, 6, 2021/03/17, 23:03:25.298, 446042553767, vstest.console.dll, TcpClientExtensions.MessageLoopAsync: Polling on remoteEndPoint: 127.0.0.1:54984 localEndPoint: 127.0.0.1:54983
TpTrace Verbose: 0 : 15324, 4, 2021/03/17, 23:03:25.298, 446042555242, vstest.console.dll, TestPluginCache.GetExtensionPaths: Filtered extension paths: 
TpTrace Verbose: 0 : 15324, 4, 2021/03/17, 23:03:25.298, 446042556019, vstest.console.dll, TestPluginCache.GetExtensionPaths: Added default extension paths: C:\Program Files\dotnet\sdk\5.0.103\Extensions\Microsoft.Diagnostics.NETCore.Client.dll
C:\Program Files\dotnet\sdk\5.0.103\Extensions\Microsoft.TestPlatform.Extensions.BlameDataCollector.dll
C:\Program Files\dotnet\sdk\5.0.103\Extensions\Microsoft.TestPlatform.Extensions.EventLogCollector.dll
C:\Program Files\dotnet\sdk\5.0.103\Extensions\Microsoft.TestPlatform.TestHostRuntimeProvider.dll
C:\Program Files\dotnet\sdk\5.0.103\Extensions\Microsoft.VisualStudio.TestPlatform.Extensions.Html.TestLogger.dll
C:\Program Files\dotnet\sdk\5.0.103\Extensions\Microsoft.VisualStudio.TestPlatform.Extensions.Trx.TestLogger.dll
TpTrace Verbose: 0 : 15324, 4, 2021/03/17, 23:03:25.298, 446042556508, vstest.console.dll, TestPluginCache.GetExtensionPaths: Added unfilterableExtensionPaths: 
TpTrace Verbose: 0 : 15324, 4, 2021/03/17, 23:03:25.301, 446042587060, vstest.console.dll, TestRequestSender.InitializeExecution: Sending initializing execution with message: {"Version":2,"MessageType":"TestExecution.Initialize","Payload":["C:\\Users\\atmil\\OneDrive\\Documents\\1 Programming\\Projects\\myWork\\ozoneprimeTests\\bin\\Debug\\netcoreapp3.1\\fine-code-coverage\\build-output\\NUnit3.TestAdapter.dll"]}
TpTrace Verbose: 0 : 15324, 4, 2021/03/17, 23:03:25.308, 446042659165, vstest.console.dll, TestRequestSender.StartTestRun: Sending test run with message: {"Version":2,"MessageType":"TestExecution.StartWithSources","Payload":{"AdapterSourceMap":{"_none_":["C:\\Users\\atmil\\OneDrive\\Documents\\1 Programming\\Projects\\myWork\\ozoneprimeTests\\bin\\Debug\\netcoreapp3.1\\fine-code-coverage\\build-output\\ozoneprimeTests.dll"]},"RunSettings":"<RunSettings>\r\n  <RunConfiguration>\r\n    <ResultsDirectory>C:\\Users\\atmil\\OneDrive\\Documents\\1 Programming\\Projects\\myWork\\ozoneprimeTests\\bin\\Debug\\netcoreapp3.1\\fine-code-coverage\\coverage-tool-output</ResultsDirectory>\r\n    <TargetPlatform>X64</TargetPlatform>\r\n    <TargetFrameworkVersion>.NETCoreApp,Version=v3.1</TargetFrameworkVersion>\r\n    <DesignMode>False</DesignMode>\r\n    <CollectSourceInformation>False</CollectSourceInformation>\r\n  </RunConfiguration>\r\n  <LoggerRunSettings>\r\n    <Loggers>\r\n      <Logger friendlyName=\"blame\" enabled=\"True\" />\r\n      <Logger friendlyName=\"Console\" uri=\"logger://microsoft/TestPlatform/ConsoleLogger/v1\" assemblyQualifiedName=\"Microsoft.VisualStudio.TestPlatform.CommandLine.Internal.ConsoleLogger, vstest.console, Version=15.0.0.0, Culture=neutral, PublicKeyToken=b03f5f7f11d50a3a\" codeBase=\"C:\\Program Files\\dotnet\\sdk\\5.0.103\\vstest.console.dll\" enabled=\"True\" />\r\n    </Loggers>\r\n  </LoggerRunSettings>\r\n  <DataCollectionRunSettings>\r\n    <DataCollectors>\r\n      <DataCollector friendlyName=\"blame\" enabled=\"True\">\r\n        <Configuration>\r\n          <ResultsDirectory>C:\\Users\\atmil\\OneDrive\\Documents\\1 Programming\\Projects\\myWork\\ozoneprimeTests\\bin\\Debug\\netcoreapp3.1\\fine-code-coverage\\coverage-tool-output</ResultsDirectory>\r\n        </Configuration>\r\n      </DataCollector>\r\n    </DataCollectors>\r\n  </DataCollectionRunSettings>\r\n</RunSettings>","TestExecutionContext":{"FrequencyOfRunStatsChangeEvent":10,"RunStatsChangeEventTimeout":"00:00:01.5000000","InIsolation":false,"KeepAlive":false,"AreTestCaseLevelEventsRequired":false,"IsDebug":false,"TestCaseFilter":null,"FilterOptions":null},"Package":null}}
TpTrace Verbose: 0 : 15324, 6, 2021/03/17, 23:03:25.309, 446042667176, vstest.console.dll, TcpClientExtensions.MessageLoopAsync: NotifyDataAvailable remoteEndPoint: 127.0.0.1:54984 localEndPoint: 127.0.0.1:54983
TpTrace Verbose: 0 : 15324, 6, 2021/03/17, 23:03:25.309, 446042668700, vstest.console.dll, TestRequestSender.OnExecutionMessageReceived: Received message: {"Version":2,"MessageType":"TestSession.Message","Payload":{"MessageLevel":0,"Message":"Logging TestHost Diagnostics in file: C:\\Users\\atmil\\OneDrive\\Documents\\1 Programming\\Projects\\myWork\\ozoneprimeTests\\bin\\Debug\\netcoreapp3.1\\fine-code-coverage\\coverage-tool-output\\diagnostics.host.21-03-17_23-03-24_87241_4.log"}}
TpTrace Verbose: 0 : 15324, 6, 2021/03/17, 23:03:25.311, 446042687735, vstest.console.dll, TestRunRequest:SendTestRunMessage: Starting.
TpTrace Information: 0 : 15324, 6, 2021/03/17, 23:03:25.311, 446042689047, vstest.console.dll, TestRunRequest:SendTestRunMessage: Completed.
TpTrace Verbose: 0 : 15324, 6, 2021/03/17, 23:03:25.312, 446042689642, vstest.console.dll, TcpClientExtensions.MessageLoopAsync: Polling on remoteEndPoint: 127.0.0.1:54984 localEndPoint: 127.0.0.1:54983
TpTrace Verbose: 0 : 15324, 6, 2021/03/17, 23:03:25.477, 446044341544, vstest.console.dll, TcpClientExtensions.MessageLoopAsync: NotifyDataAvailable remoteEndPoint: 127.0.0.1:54984 localEndPoint: 127.0.0.1:54983
TpTrace Verbose: 0 : 15324, 6, 2021/03/17, 23:03:25.477, 446044343311, vstest.console.dll, TestRequestSender.OnExecutionMessageReceived: Received message: {"Version":2,"MessageType":"TestSession.Message","Payload":{"MessageLevel":0,"Message":"NUnit Adapter 3.17.0.0: Test execution started"}}
TpTrace Verbose: 0 : 15324, 6, 2021/03/17, 23:03:25.477, 446044345852, vstest.console.dll, TestRunRequest:SendTestRunMessage: Starting.
TpTrace Information: 0 : 15324, 6, 2021/03/17, 23:03:25.477, 446044346670, vstest.console.dll, TestRunRequest:SendTestRunMessage: Completed.
TpTrace Verbose: 0 : 15324, 6, 2021/03/17, 23:03:25.477, 446044347397, vstest.console.dll, TcpClientExtensions.MessageLoopAsync: Polling on remoteEndPoint: 127.0.0.1:54984 localEndPoint: 127.0.0.1:54983
TpTrace Verbose: 0 : 15324, 6, 2021/03/17, 23:03:25.513, 446044704345, vstest.console.dll, TcpClientExtensions.MessageLoopAsync: NotifyDataAvailable remoteEndPoint: 127.0.0.1:54984 localEndPoint: 127.0.0.1:54983
TpTrace Verbose: 0 : 15324, 6, 2021/03/17, 23:03:25.513, 446044706747, vstest.console.dll, TestRequestSender.OnExecutionMessageReceived: Received message: {"Version":2,"MessageType":"TestSession.Message","Payload":{"MessageLevel":0,"Message":"Running all tests in C:\\Users\\atmil\\OneDrive\\Documents\\1 Programming\\Projects\\myWork\\ozoneprimeTests\\bin\\Debug\\netcoreapp3.1\\fine-code-coverage\\build-output\\ozoneprimeTests.dll"}}
TpTrace Verbose: 0 : 15324, 6, 2021/03/17, 23:03:25.513, 446044709122, vstest.console.dll, TestRunRequest:SendTestRunMessage: Starting.
TpTrace Information: 0 : 15324, 6, 2021/03/17, 23:03:25.514, 446044709890, vstest.console.dll, TestRunRequest:SendTestRunMessage: Completed.
TpTrace Verbose: 0 : 15324, 6, 2021/03/17, 23:03:25.514, 446044710397, vstest.console.dll, TcpClientExtensions.MessageLoopAsync: Polling on remoteEndPoint: 127.0.0.1:54984 localEndPoint: 127.0.0.1:54983
TpTrace Verbose: 0 : 15324, 6, 2021/03/17, 23:03:25.721, 446046788254, vstest.console.dll, TcpClientExtensions.MessageLoopAsync: NotifyDataAvailable remoteEndPoint: 127.0.0.1:54984 localEndPoint: 127.0.0.1:54983
TpTrace Verbose: 0 : 15324, 6, 2021/03/17, 23:03:25.722, 446046791242, vstest.console.dll, TestRequestSender.OnExecutionMessageReceived: Received message: {"Version":2,"MessageType":"TestSession.Message","Payload":{"MessageLevel":0,"Message":"   NUnit3TestExecutor discovered 18 of 18 NUnit test cases"}}
TpTrace Verbose: 0 : 15324, 6, 2021/03/17, 23:03:25.722, 446046794848, vstest.console.dll, TestRunRequest:SendTestRunMessage: Starting.
TpTrace Information: 0 : 15324, 6, 2021/03/17, 23:03:25.722, 446046796045, vstest.console.dll, TestRunRequest:SendTestRunMessage: Completed.
TpTrace Verbose: 0 : 15324, 6, 2021/03/17, 23:03:25.722, 446046796967, vstest.console.dll, TcpClientExtensions.MessageLoopAsync: Polling on remoteEndPoint: 127.0.0.1:54984 localEndPoint: 127.0.0.1:54983
TpTrace Verbose: 0 : 15324, 6, 2021/03/17, 23:03:26.728, 446056858317, vstest.console.dll, TcpClientExtensions.MessageLoopAsync: Polling on remoteEndPoint: 127.0.0.1:54984 localEndPoint: 127.0.0.1:54983
TpTrace Verbose: 0 : 15324, 6, 2021/03/17, 23:03:26.940, 446058977328, vstest.console.dll, TcpClientExtensions.MessageLoopAsync: NotifyDataAvailable remoteEndPoint: 127.0.0.1:54984 localEndPoint: 127.0.0.1:54983
TpTrace Verbose: 0 : 15324, 6, 2021/03/17, 23:03:26.941, 446058979645, vstest.console.dll, TestRequestSender.OnExecutionMessageReceived: Received message: {"Version":2,"MessageType":"TestExecution.StatsChange","Payload":{"NewTestResults":[{"TestCase":{"Id":"8a062227-cba7-aa18-9a04-cbe70b890cac","FullyQualifiedName":"ozoneprimeTests.ServicesTests.UserServiceTests.RegisterTests.RegistersAPersonCorrectly","DisplayName":"RegistersAPersonCorrectly","ExecutorUri":"executor://NUnit3TestExecutor","Source":"C:\\Users\\atmil\\OneDrive\\Documents\\1 Programming\\Projects\\myWork\\ozoneprimeTests\\bin\\Debug\\netcoreapp3.1\\fine-code-coverage\\build-output\\ozoneprimeTests.dll","CodeFilePath":null,"LineNumber":0,"Properties":[]},"Attachments":[],"Outcome":1,"ErrorMessage":null,"ErrorStackTrace":null,"DisplayName":"RegistersAPersonCorrectly","Messages":[],"ComputerName":"ALEXANDERSTHINK","Duration":"00:00:01.0750730","StartTime":"2021-03-17T21:03:25.7752005+00:00","EndTime":"2021-03-17T21:03:26.8500598+00:00","Properties":[]}],"TestRunStatistics":{"ExecutedTests":1,"Stats":{"Passed":1}},"ActiveTests":[{"Id":"1fdf2547-8e5c-2adc-fd3a-956a42eca73f","FullyQualifiedName":"ozoneprimeTests.ServicesTests.UserServiceTests.RegisterTests.ThrowsExcIfConfirmPasswordIsEmptyString","DisplayName":"ThrowsExcIfConfirmPasswordIsEmptyString","ExecutorUri":"executor://NUnit3TestExecutor","Source":"C:\\Users\\atmil\\OneDrive\\Documents\\1 Programming\\Projects\\myWork\\ozoneprimeTests\\bin\\Debug\\netcoreapp3.1\\fine-code-coverage\\build-output\\ozoneprimeTests.dll","CodeFilePath":null,"LineNumber":0,"Properties":[]}]}}
TpTrace Verbose: 0 : 15324, 6, 2021/03/17, 23:03:26.971, 446059286006, vstest.console.dll, TestRunRequest:SendTestRunStatsChange: Starting.
TpTrace Verbose: 0 : 15324, 6, 2021/03/17, 23:03:26.971, 446059287217, vstest.console.dll, InProgress is ThrowsExcIfConfirmPasswordIsEmptyString
TpTrace Information: 0 : 15324, 6, 2021/03/17, 23:03:26.971, 446059288844, vstest.console.dll, TestRunRequest:SendTestRunStatsChange: Completed.
TpTrace Verbose: 0 : 15324, 6, 2021/03/17, 23:03:26.972, 446059289614, vstest.console.dll, TcpClientExtensions.MessageLoopAsync: Polling on remoteEndPoint: 127.0.0.1:54984 localEndPoint: 127.0.0.1:54983
TpTrace Verbose: 0 : 15324, 6, 2021/03/17, 23:03:26.973, 446059305453, vstest.console.dll, TcpClientExtensions.MessageLoopAsync: NotifyDataAvailable remoteEndPoint: 127.0.0.1:54984 localEndPoint: 127.0.0.1:54983
TpTrace Verbose: 0 : 15324, 6, 2021/03/17, 23:03:26.973, 446059308357, vstest.console.dll, TestRequestSender.OnExecutionMessageReceived: Received message: {"Version":2,"MessageType":"TestExecution.StatsChange","Payload":{"NewTestResults":[{"TestCase":{"Id":"1fdf2547-8e5c-2adc-fd3a-956a42eca73f","FullyQualifiedName":"ozoneprimeTests.ServicesTests.UserServiceTests.RegisterTests.ThrowsExcIfConfirmPasswordIsEmptyString","DisplayName":"ThrowsExcIfConfirmPasswordIsEmptyString","ExecutorUri":"executor://NUnit3TestExecutor","Source":"C:\\Users\\atmil\\OneDrive\\Documents\\1 Programming\\Projects\\myWork\\ozoneprimeTests\\bin\\Debug\\netcoreapp3.1\\fine-code-coverage\\build-output\\ozoneprimeTests.dll","CodeFilePath":null,"LineNumber":0,"Properties":[]},"Attachments":[],"Outcome":1,"ErrorMessage":null,"ErrorStackTrace":null,"DisplayName":"ThrowsExcIfConfirmPasswordIsEmptyString","Messages":[],"ComputerName":"ALEXANDERSTHINK","Duration":"00:00:00.0282450","StartTime":"2021-03-17T21:03:26.8539001+00:00","EndTime":"2021-03-17T21:03:26.8821454+00:00","Properties":[]},{"TestCase":{"Id":"f3c81892-4922-a048-e267-033411815c6d","FullyQualifiedName":"ozoneprimeTests.ServicesTests.UserServiceTests.RegisterTests.ThrowsExcIfConfirmPasswordIsNull","DisplayName":"ThrowsExcIfConfirmPasswordIsNull","ExecutorUri":"executor://NUnit3TestExecutor","Source":"C:\\Users\\atmil\\OneDrive\\Documents\\1 Programming\\Projects\\myWork\\ozoneprimeTests\\bin\\Debug\\netcoreapp3.1\\fine-code-coverage\\build-output\\ozoneprimeTests.dll","CodeFilePath":null,"LineNumber":0,"Properties":[]},"Attachments":[],"Outcome":1,"ErrorMessage":null,"ErrorStackTrace":null,"DisplayName":"ThrowsExcIfConfirmPasswordIsNull","Messages":[],"ComputerName":"ALEXANDERSTHINK","Duration":"00:00:00.0116160","StartTime":"2021-03-17T21:03:26.8822276+00:00","EndTime":"2021-03-17T21:03:26.8938406+00:00","Properties":[]},{"TestCase":{"Id":"1afaaeed-24ee-831f-3919-75b400150d1e","FullyQualifiedName":"ozoneprimeTests.ServicesTests.UserServiceTests.RegisterTests.ThrowsExcIfConfirmPasswordIsWhiteSpace","DisplayName":"ThrowsExcIfConfirmPasswordIsWhiteSpace","ExecutorUri":"executor://NUnit3TestExecutor","Source":"C:\\Users\\atmil\\OneDrive\\Documents\\1 Programming\\Projects\\myWork\\ozoneprimeTests\\bin\\Debug\\netcoreapp3.1\\fine-code-coverage\\build-output\\ozoneprimeTests.dll","CodeFilePath":null,"LineNumber":0,"Properties":[]},"Attachments":[],"Outcome":1,"ErrorMessage":null,"ErrorStackTrace":null,"DisplayName":"ThrowsExcIfConfirmPasswordIsWhiteSpace","Messages":[],"ComputerName":"ALEXANDERSTHINK","Duration":"00:00:00.0010839","StartTime":"2021-03-17T21:03:26.89387+00:00","EndTime":"2021-03-17T21:03:26.8949535+00:00","Properties":[]},{"TestCase":{"Id":"6c2b3ac3-89ba-ff5a-b5fb-39375dcf66e7","FullyQualifiedName":"ozoneprimeTests.ServicesTests.UserServiceTests.RegisterTests.ThrowsExcIfFirstNameIsEmptyString","DisplayName":"ThrowsExcIfFirstNameIsEmptyString","ExecutorUri":"executor://NUnit3TestExecutor","Source":"C:\\Users\\atmil\\OneDrive\\Documents\\1 Programming\\Projects\\myWork\\ozoneprimeTests\\bin\\Debug\\netcoreapp3.1\\fine-code-coverage\\build-output\\ozoneprimeTests.dll","CodeFilePath":null,"LineNumber":0,"Properties":[]},"Attachments":[],"Outcome":1,"ErrorMessage":null,"ErrorStackTrace":null,"DisplayName":"ThrowsExcIfFirstNameIsEmptyString","Messages":[],"ComputerName":"ALEXANDERSTHINK","Duration":"00:00:00.0008330","StartTime":"2021-03-17T21:03:26.8949753+00:00","EndTime":"2021-03-17T21:03:26.8958071+00:00","Properties":[]},{"TestCase":{"Id":"6a1f4c80-ce01-d392-2c29-c2418f45c903","FullyQualifiedName":"ozoneprimeTests.ServicesTests.UserServiceTests.RegisterTests.ThrowsExcIfFirstNameIsNull","DisplayName":"ThrowsExcIfFirstNameIsNull","ExecutorUri":"executor://NUnit3TestExecutor","Source":"C:\\Users\\atmil\\OneDrive\\Documents\\1 Programming\\Projects\\myWork\\ozoneprimeTests\\bin\\Debug\\netcoreapp3.1\\fine-code-coverage\\build-output\\ozoneprimeTests.dll","CodeFilePath":null,"LineNumber":0,"Properties":[]},"Attachments":[],"Outcome":1,"ErrorMessage":null,"ErrorStackTrace":null,"DisplayName":"ThrowsExcIfFirstNameIsNull","Messages":[],"ComputerName":"ALEXANDERSTHINK","Duration":"00:00:00.0005280","StartTime":"2021-03-17T21:03:26.895847+00:00","EndTime":"2021-03-17T21:03:26.8963737+00:00","Properties":[]},{"TestCase":{"Id":"40b04b03-afe5-411c-cd9b-cf6a3eee1108","FullyQualifiedName":"ozoneprimeTests.ServicesTests.UserServiceTests.RegisterTests.ThrowsExcIfFirstNameIsWhiteSpace","DisplayName":"ThrowsExcIfFirstNameIsWhiteSpace","ExecutorUri":"executor://NUnit3TestExecutor","Source":"C:\\Users\\atmil\\OneDrive\\Documents\\1 Programming\\Projects\\myWork\\ozoneprimeTests\\bin\\Debug\\netcoreapp3.1\\fine-code-coverage\\build-output\\ozoneprimeTests.dll","CodeFilePath":null,"LineNumber":0,"Properties":[]},"Attachments":[],"Outcome":1,"ErrorMessage":null,"ErrorStackTrace":null,"DisplayName":"ThrowsExcIfFirstNameIsWhiteSpace","Messages":[],"ComputerName":"ALEXANDERSTHINK","Duration":"00:00:00.0007590","StartTime":"2021-03-17T21:03:26.896399+00:00","EndTime":"2021-03-17T21:03:26.8971581+00:00","Properties":[]},{"TestCase":{"Id":"00bd86ef-278f-11d9-1e74-d898ebc1e6db","FullyQualifiedName":"ozoneprimeTests.ServicesTests.UserServiceTests.RegisterTests.ThrowsExcIfPasswordAndConfirmPasswordDontMatch","DisplayName":"ThrowsExcIfPasswordAndConfirmPasswordDontMatch","ExecutorUri":"executor://NUnit3TestExecutor","Source":"C:\\Users\\atmil\\OneDrive\\Documents\\1 Programming\\Projects\\myWork\\ozoneprimeTests\\bin\\Debug\\netcoreapp3.1\\fine-code-coverage\\build-output\\ozoneprimeTests.dll","CodeFilePath":null,"LineNumber":0,"Properties":[]},"Attachments":[],"Outcome":1,"ErrorMessage":null,"ErrorStackTrace":null,"DisplayName":"ThrowsExcIfPasswordAndConfirmPasswordDontMatch","Messages":[],"ComputerName":"ALEXANDERSTHINK","Duration":"00:00:00.0005630","StartTime":"2021-03-17T21:03:26.8971734+00:00","EndTime":"2021-03-17T21:03:26.897736+00:00","Properties":[]},{"TestCase":{"Id":"86e69e07-4954-ed2b-43da-b7f8223272e4","FullyQualifiedName":"ozoneprimeTests.ServicesTests.UserServiceTests.RegisterTests.ThrowsExcIfPasswordIsNull","DisplayName":"ThrowsExcIfPasswordIsNull","ExecutorUri":"executor://NUnit3TestExecutor","Source":"C:\\Users\\atmil\\OneDrive\\Documents\\1 Programming\\Projects\\myWork\\ozoneprimeTests\\bin\\Debug\\netcoreapp3.1\\fine-code-coverage\\build-output\\ozoneprimeTests.dll","CodeFilePath":null,"LineNumber":0,"Properties":[]},"Attachments":[],"Outcome":1,"ErrorMessage":null,"ErrorStackTrace":null,"DisplayName":"ThrowsExcIfPasswordIsNull","Messages":[],"ComputerName":"ALEXANDERSTHINK","Duration":"00:00:00.0005109","StartTime":"2021-03-17T21:03:26.8977493+00:00","EndTime":"2021-03-17T21:03:26.8982599+00:00","Properties":[]},{"TestCase":{"Id":"04ca52f3-815c-f0ba-549a-1619c35f65b4","FullyQualifiedName":"ozoneprimeTests.ServicesTests.UserServiceTests.RegisterTests.ThrowsExcIfPasswordIsWhiteSpace","DisplayName":"ThrowsExcIfPasswordIsWhiteSpace","ExecutorUri":"executor://NUnit3TestExecutor","Source":"C:\\Users\\atmil\\OneDrive\\Documents\\1 Programming\\Projects\\myWork\\ozoneprimeTests\\bin\\Debug\\netcoreapp3.1\\fine-code-coverage\\build-output\\ozoneprimeTests.dll","CodeFilePath":null,"LineNumber":0,"Properties":[]},"Attachments":[],"Outcome":1,"ErrorMessage":null,"ErrorStackTrace":null,"DisplayName":"ThrowsExcIfPasswordIsWhiteSpace","Messages":[],"ComputerName":"ALEXANDERSTHINK","Duration":"00:00:00.0006179","StartTime":"2021-03-17T21:03:26.8982745+00:00","EndTime":"2021-03-17T21:03:26.8988916+00:00","Properties":[]}],"TestRunStatistics":{"ExecutedTests":10,"Stats":{"Passed":10}},"ActiveTests":[{"Id":"031c01eb-ed2e-2a09-2eba-0475511bb273","FullyQualifiedName":"ozoneprimeTests.ServicesTests.UserServiceTests.RegisterTests.ThrowsExcIfSomeoneIsLoggedIn","DisplayName":"ThrowsExcIfSomeoneIsLoggedIn","ExecutorUri":"executor://NUnit3TestExecutor","Source":"C:\\Users\\atmil\\OneDrive\\Documents\\1 Programming\\Projects\\myWork\\ozoneprimeTests\\bin\\Debug\\netcoreapp3.1\\fine-code-coverage\\build-output\\ozoneprimeTests.dll","CodeFilePath":null,"LineNumber":0,"Properties":[]}]}}
TpTrace Verbose: 0 : 15324, 6, 2021/03/17, 23:03:26.977, 446059339430, vstest.console.dll, TestRunRequest:SendTestRunStatsChange: Starting.
TpTrace Verbose: 0 : 15324, 6, 2021/03/17, 23:03:26.977, 446059340536, vstest.console.dll, InProgress is ThrowsExcIfSomeoneIsLoggedIn
TpTrace Information: 0 : 15324, 6, 2021/03/17, 23:03:26.977, 446059342090, vstest.console.dll, TestRunRequest:SendTestRunStatsChange: Completed.
TpTrace Verbose: 0 : 15324, 6, 2021/03/17, 23:03:26.977, 446059342835, vstest.console.dll, TcpClientExtensions.MessageLoopAsync: Polling on remoteEndPoint: 127.0.0.1:54984 localEndPoint: 127.0.0.1:54983
TpTrace Verbose: 0 : 15324, 6, 2021/03/17, 23:03:27.003, 446059599648, vstest.console.dll, TcpClientExtensions.MessageLoopAsync: NotifyDataAvailable remoteEndPoint: 127.0.0.1:54984 localEndPoint: 127.0.0.1:54983
TpTrace Verbose: 0 : 15324, 6, 2021/03/17, 23:03:27.003, 446059600938, vstest.console.dll, TestRequestSender.OnExecutionMessageReceived: Received message: {"Version":2,"MessageType":"TestSession.Message","Payload":{"MessageLevel":0,"Message":"NUnit Adapter 3.17.0.0: Test execution complete"}}
TpTrace Verbose: 0 : 15324, 6, 2021/03/17, 23:03:27.003, 446059602289, vstest.console.dll, TestRunRequest:SendTestRunMessage: Starting.
TpTrace Information: 0 : 15324, 6, 2021/03/17, 23:03:27.003, 446059602867, vstest.console.dll, TestRunRequest:SendTestRunMessage: Completed.
TpTrace Verbose: 0 : 15324, 6, 2021/03/17, 23:03:27.003, 446059603276, vstest.console.dll, TcpClientExtensions.MessageLoopAsync: Polling on remoteEndPoint: 127.0.0.1:54984 localEndPoint: 127.0.0.1:54983
TpTrace Verbose: 0 : 15324, 6, 2021/03/17, 23:03:27.019, 446059768750, vstest.console.dll, TcpClientExtensions.MessageLoopAsync: NotifyDataAvailable remoteEndPoint: 127.0.0.1:54984 localEndPoint: 127.0.0.1:54983
TpTrace Verbose: 0 : 15324, 6, 2021/03/17, 23:03:27.020, 446059771846, vstest.console.dll, TestRequestSender.OnExecutionMessageReceived: Received message: {"Version":2,"MessageType":"TestExecution.Completed","Payload":{"TestRunCompleteArgs":{"TestRunStatistics":{"ExecutedTests":18,"Stats":{"Passed":18}},"IsCanceled":false,"IsAborted":false,"Error":null,"AttachmentSets":[],"ElapsedTimeInRunningTests":"00:00:01.5486972","Metrics":{}},"LastRunTests":{"NewTestResults":[{"TestCase":{"Id":"031c01eb-ed2e-2a09-2eba-0475511bb273","FullyQualifiedName":"ozoneprimeTests.ServicesTests.UserServiceTests.RegisterTests.ThrowsExcIfSomeoneIsLoggedIn","DisplayName":"ThrowsExcIfSomeoneIsLoggedIn","ExecutorUri":"executor://NUnit3TestExecutor","Source":"C:\\Users\\atmil\\OneDrive\\Documents\\1 Programming\\Projects\\myWork\\ozoneprimeTests\\bin\\Debug\\netcoreapp3.1\\fine-code-coverage\\build-output\\ozoneprimeTests.dll","CodeFilePath":null,"LineNumber":0,"Properties":[]},"Attachments":[],"Outcome":1,"ErrorMessage":null,"ErrorStackTrace":null,"DisplayName":"ThrowsExcIfSomeoneIsLoggedIn","Messages":[],"ComputerName":"ALEXANDERSTHINK","Duration":"00:00:00.0009760","StartTime":"2021-03-17T21:03:26.8989046+00:00","EndTime":"2021-03-17T21:03:26.8998804+00:00","Properties":[]},{"TestCase":{"Id":"f35a4204-92c6-596b-1dcf-b6a41289d5fb","FullyQualifiedName":"ozoneprimeTests.ServicesTests.UserServiceTests.RegisterTests.ThrowsExcIfThereIsSomeoneWithTheSame","DisplayName":"ThrowsExcIfThereIsSomeoneWithTheSame","ExecutorUri":"executor://NUnit3TestExecutor","Source":"C:\\Users\\atmil\\OneDrive\\Documents\\1 Programming\\Projects\\myWork\\ozoneprimeTests\\bin\\Debug\\netcoreapp3.1\\fine-code-coverage\\build-output\\ozoneprimeTests.dll","CodeFilePath":null,"LineNumber":0,"Properties":[]},"Attachments":[],"Outcome":1,"ErrorMessage":null,"ErrorStackTrace":null,"DisplayName":"ThrowsExcIfThereIsSomeoneWithTheSame","Messages":[],"ComputerName":"ALEXANDERSTHINK","Duration":"00:00:00.0008190","StartTime":"2021-03-17T21:03:26.8998963+00:00","EndTime":"2021-03-17T21:03:26.9007148+00:00","Properties":[]},{"TestCase":{"Id":"383a04e1-1842-c8a8-62b9-6f5c50d80d9a","FullyQualifiedName":"ozoneprimeTests.ServicesTests.UserServiceTests.RegisterTests.ThrowsExcIfUsernameIsEmptyString","DisplayName":"ThrowsExcIfUsernameIsEmptyString","ExecutorUri":"executor://NUnit3TestExecutor","Source":"C:\\Users\\atmil\\OneDrive\\Documents\\1 Programming\\Projects\\myWork\\ozoneprimeTests\\bin\\Debug\\netcoreapp3.1\\fine-code-coverage\\build-output\\ozoneprimeTests.dll","CodeFilePath":null,"LineNumber":0,"Properties":[]},"Attachments":[],"Outcome":1,"ErrorMessage":null,"ErrorStackTrace":null,"DisplayName":"ThrowsExcIfUsernameIsEmptyString","Messages":[],"ComputerName":"ALEXANDERSTHINK","Duration":"00:00:00.0005109","StartTime":"2021-03-17T21:03:26.9007276+00:00","EndTime":"2021-03-17T21:03:26.9012382+00:00","Properties":[]},{"TestCase":{"Id":"2ec0e8e9-c40b-f240-8895-62125e3b4cdb","FullyQualifiedName":"ozoneprimeTests.ServicesTests.UserServiceTests.RegisterTests.ThrowsExcIfUsernameIsNull","DisplayName":"ThrowsExcIfUsernameIsNull","ExecutorUri":"executor://NUnit3TestExecutor","Source":"C:\\Users\\atmil\\OneDrive\\Documents\\1 Programming\\Projects\\myWork\\ozoneprimeTests\\bin\\Debug\\netcoreapp3.1\\fine-code-coverage\\build-output\\ozoneprimeTests.dll","CodeFilePath":null,"LineNumber":0,"Properties":[]},"Attachments":[],"Outcome":1,"ErrorMessage":null,"ErrorStackTrace":null,"DisplayName":"ThrowsExcIfUsernameIsNull","Messages":[],"ComputerName":"ALEXANDERSTHINK","Duration":"00:00:00.0007030","StartTime":"2021-03-17T21:03:26.9012534+00:00","EndTime":"2021-03-17T21:03:26.9019552+00:00","Properties":[]},{"TestCase":{"Id":"2a1c8694-c746-d992-29d9-da56e5e69bcc","FullyQualifiedName":"ozoneprimeTests.ServicesTests.UserServiceTests.RegisterTests.ThrowsExcIfUsernameIsWhiteSpace","DisplayName":"ThrowsExcIfUsernameIsWhiteSpace","ExecutorUri":"executor://NUnit3TestExecutor","Source":"C:\\Users\\atmil\\OneDrive\\Documents\\1 Programming\\Projects\\myWork\\ozoneprimeTests\\bin\\Debug\\netcoreapp3.1\\fine-code-coverage\\build-output\\ozoneprimeTests.dll","CodeFilePath":null,"LineNumber":0,"Properties":[]},"Attachments":[],"Outcome":1,"ErrorMessage":null,"ErrorStackTrace":null,"DisplayName":"ThrowsExcIfUsernameIsWhiteSpace","Messages":[],"ComputerName":"ALEXANDERSTHINK","Duration":"00:00:00.0005320","StartTime":"2021-03-17T21:03:26.901971+00:00","EndTime":"2021-03-17T21:03:26.9025025+00:00","Properties":[]},{"TestCase":{"Id":"99126670-0ed3-29f9-d714-6c9cffec93b9","FullyQualifiedName":"ozoneprimeTests.ServicesTests.UserServiceTests.RegisterTests.ThrowsExcIPasswordIsEmptyString","DisplayName":"ThrowsExcIPasswordIsEmptyString","ExecutorUri":"executor://NUnit3TestExecutor","Source":"C:\\Users\\atmil\\OneDrive\\Documents\\1 Programming\\Projects\\myWork\\ozoneprimeTests\\bin\\Debug\\netcoreapp3.1\\fine-code-coverage\\build-output\\ozoneprimeTests.dll","CodeFilePath":null,"LineNumber":0,"Properties":[]},"Attachments":[],"Outcome":1,"ErrorMessage":null,"ErrorStackTrace":null,"DisplayName":"ThrowsExcIPasswordIsEmptyString","Messages":[],"ComputerName":"ALEXANDERSTHINK","Duration":"00:00:00.0007360","StartTime":"2021-03-17T21:03:26.9025219+00:00","EndTime":"2021-03-17T21:03:26.9032566+00:00","Properties":[]},{"TestCase":{"Id":"b8d27e1c-b35e-4735-1135-bf6dc86a1497","FullyQualifiedName":"ozoneprimeTests.ServicesTests.UserServiceTests.UserProfileTests.ReturnsInfoAboutTheLoggedUser","DisplayName":"ReturnsInfoAboutTheLoggedUser","ExecutorUri":"executor://NUnit3TestExecutor","Source":"C:\\Users\\atmil\\OneDrive\\Documents\\1 Programming\\Projects\\myWork\\ozoneprimeTests\\bin\\Debug\\netcoreapp3.1\\fine-code-coverage\\build-output\\ozoneprimeTests.dll","CodeFilePath":null,"LineNumber":0,"Properties":[]},"Attachments":[],"Outcome":1,"ErrorMessage":null,"ErrorStackTrace":null,"DisplayName":"ReturnsInfoAboutTheLoggedUser","Messages":[],"ComputerName":"ALEXANDERSTHINK","Duration":"00:00:00.0040289","StartTime":"2021-03-17T21:03:26.9085983+00:00","EndTime":"2021-03-17T21:03:26.9126245+00:00","Properties":[]},{"TestCase":{"Id":"5971f547-269d-5a42-c68e-63eab83f4a9d","FullyQualifiedName":"ozoneprimeTests.ServicesTests.UserServiceTests.UserProfileTests.ThrowsExcIfNooneIsLoggedIn","DisplayName":"ThrowsExcIfNooneIsLoggedIn","ExecutorUri":"executor://NUnit3TestExecutor","Source":"C:\\Users\\atmil\\OneDrive\\Documents\\1 Programming\\Projects\\myWork\\ozoneprimeTests\\bin\\Debug\\netcoreapp3.1\\fine-code-coverage\\build-output\\ozoneprimeTests.dll","CodeFilePath":null,"LineNumber":0,"Properties":[]},"Attachments":[],"Outcome":1,"ErrorMessage":null,"ErrorStackTrace":null,"DisplayName":"ThrowsExcIfNooneIsLoggedIn","Messages":[],"ComputerName":"ALEXANDERSTHINK","Duration":"00:00:00.0005650","StartTime":"2021-03-17T21:03:26.9127064+00:00","EndTime":"2021-03-17T21:03:26.9132713+00:00","Properties":[]}],"TestRunStatistics":{"ExecutedTests":18,"Stats":{"Passed":18}},"ActiveTests":[]},"RunAttachments":[],"ExecutorUris":["executor://nunit3testexecutor/"]}}
TpTrace Verbose: 0 : 15324, 6, 2021/03/17, 23:03:27.020, 446059778889, vstest.console.dll, TestRequestSender.EndSession: Sending end session.
TpTrace Verbose: 0 : 15324, 6, 2021/03/17, 23:03:27.021, 446059781099, vstest.console.dll, ProxyOperationManager.Close: waiting for test host to exit for 100 ms
TpTrace Warning: 0 : 15324, 6, 2021/03/17, 23:03:27.131, 446060887526, vstest.console.dll, ProxyOperationManager: Timed out waiting for test host to exit. Will terminate process.
TpTrace Warning: 0 : 15324, 12, 2021/03/17, 23:03:27.219, 446061767555, vstest.console.dll, TestHostManagerCallbacks.ErrorReceivedCallback Test host standard error line: 
TpTrace Verbose: 0 : 15324, 6, 2021/03/17, 23:03:27.232, 446061894432, vstest.console.dll, TestHostProvider.ExitCallBack: Host exited starting callback.
TpTrace Information: 0 : 15324, 6, 2021/03/17, 23:03:27.232, 446061896182, vstest.console.dll, TestHostManagerCallbacks.ExitCallBack: Testhost processId: 24096 exited with exitcode: 0 error: ''
TpTrace Verbose: 0 : 15324, 6, 2021/03/17, 23:03:27.232, 446061896911, vstest.console.dll, DotnetTestHostManager.OnHostExited: invoking OnHostExited callback
TpTrace Verbose: 0 : 15324, 6, 2021/03/17, 23:03:27.232, 446061897752, vstest.console.dll, CrossPlatEngine.TestHostManagerHostExited: calling on client process exit callback.
TpTrace Information: 0 : 15324, 6, 2021/03/17, 23:03:27.232, 446061898613, vstest.console.dll, TestRequestSender.OnClientProcessExit: Test host process exited. Standard error: 
TpTrace Information: 0 : 15324, 6, 2021/03/17, 23:03:27.233, 446061899388, vstest.console.dll, SocketServer.Stop: Stop server endPoint: 127.0.0.1:54983
TpTrace Information: 0 : 15324, 6, 2021/03/17, 23:03:27.233, 446061899975, vstest.console.dll, SocketServer.Stop: Cancellation requested. Stopping message loop.
TpTrace Verbose: 0 : 15324, 6, 2021/03/17, 23:03:27.233, 446061908016, vstest.console.dll, ProxyDataCollectionManager.InvokeDataCollectionServiceAction: Starting.
TpTrace Information: 0 : 15324, 6, 2021/03/17, 23:03:27.233, 446061908898, vstest.console.dll, ProxyDataCollectionManager.AfterTestRunEnd: Get attachment set for datacollector processId: 20064 port: 54980
TpTrace Verbose: 0 : 15324, 6, 2021/03/17, 23:03:27.234, 446061909957, vstest.console.dll, DataCollectionRequestSender.SendAfterTestRunStartAndGetResult : Send AfterTestRunEnd message with isCancelled: False
TpTrace Verbose: 0 : 15324, 6, 2021/03/17, 23:03:27.236, 446061931264, vstest.console.dll, DataCollectionRequestSender.SendAfterTestRunStartAndGetResult : Received message: (DataCollection.AfterTestRunEndResult) -> []
TpTrace Information: 0 : 15324, 6, 2021/03/17, 23:03:27.237, 446061943489, vstest.console.dll, ProxyDataCollectionManager.InvokeDataCollectionServiceAction: Completed.
TpTrace Warning: 0 : 15324, 9, 2021/03/17, 23:03:27.249, 446062060436, vstest.console.dll, DataCollectionLauncher.ErrorReceivedCallback datacollector standard error line: 
TpTrace Information: 0 : 15324, 7, 2021/03/17, 23:03:27.256, 446062134487, vstest.console.dll, DataCollectionLauncher.ExitCallBack: Data collector exited with exitcode: 0 error: ''
TpTrace Verbose: 0 : 15324, 6, 2021/03/17, 23:03:27.271, 446062289138, vstest.console.dll, TestRunRequest:SendTestRunStatsChange: Starting.
TpTrace Information: 0 : 15324, 6, 2021/03/17, 23:03:27.272, 446062290524, vstest.console.dll, TestRunRequest:SendTestRunStatsChange: Completed.
TpTrace Verbose: 0 : 15324, 6, 2021/03/17, 23:03:27.272, 446062294197, vstest.console.dll, ParallelProxyExecutionManager: HandlePartialRunComplete: Total completed clients = 1, Run complete = True, Run canceled: False.
TpTrace Verbose: 0 : 15324, 6, 2021/03/17, 23:03:27.291, 446062484149, vstest.console.dll, TestRunRequest:TestRunComplete: Starting. IsAborted:False IsCanceled:False.
TpTrace Verbose: 0 : 15324, 6, 2021/03/17, 23:03:27.291, 446062486261, vstest.console.dll, TestLoggerManager.HandleTestRunComplete: Ignoring as the object is disposed.
TpTrace Information: 0 : 15324, 6, 2021/03/17, 23:03:27.291, 446062488904, vstest.console.dll, TestRunRequest:TestRunComplete: Completed.
TpTrace Verbose: 0 : 15324, 1, 2021/03/17, 23:03:27.292, 446062489389, vstest.console.dll, TestRunRequest.Dispose: Starting.
TpTrace Verbose: 0 : 15324, 6, 2021/03/17, 23:03:27.292, 446062489515, vstest.console.dll, TestRequestSender.SetOperationComplete: Setting operation complete.
TpTrace Information: 0 : 15324, 1, 2021/03/17, 23:03:27.292, 446062490366, vstest.console.dll, TestRunRequest.Dispose: Completed.
TpTrace Information: 0 : 15324, 6, 2021/03/17, 23:03:27.292, 446062490856, vstest.console.dll, SocketServer.Stop: Stop server endPoint: 127.0.0.1:54983
TpTrace Information: 0 : 15324, 1, 2021/03/17, 23:03:27.292, 446062491624, vstest.console.dll, TestRequestManager.RunTests: run tests completed.
TpTrace Information: 0 : 15324, 6, 2021/03/17, 23:03:27.292, 446062492040, vstest.console.dll, SocketServer.Stop: Cancellation requested. Stopping message loop.
TpTrace Information: 0 : 15324, 1, 2021/03/17, 23:03:27.292, 446062492969, vstest.console.dll, RunTestsArgumentProcessor:Execute: Test run is completed.
TpTrace Information: 0 : 15324, 6, 2021/03/17, 23:03:27.292, 446062493078, vstest.console.dll, SocketServer.PrivateStop: Stop server endPoint: 127.0.0.1:54983 error: 
TpTrace Verbose: 0 : 15324, 1, 2021/03/17, 23:03:27.292, 446062493476, vstest.console.dll, Executor.Execute: Exiting with exit code of 0
TpTrace Verbose: 0 : 15324, 6, 2021/03/17, 23:03:27.293, 446062502312, vstest.console.dll, LengthPrefixCommunicationChannel.Dispose: Dispose reader and writer.
TpTrace Information: 0 : 15324, 6, 2021/03/17, 23:03:27.293, 446062503219, vstest.console.dll, SocketServer.Stop: Raise disconnected event endPoint: 127.0.0.1:54983 error: 
TpTrace Verbose: 0 : 15324, 6, 2021/03/17, 23:03:27.293, 446062504054, vstest.console.dll, TestRequestSender: OnTestRunAbort: Operation is already complete. Skip error message.
TpTrace Verbose: 0 : 15324, 6, 2021/03/17, 23:03:27.293, 446062504553, vstest.console.dll, TcpClientExtensions.MessageLoopAsync: exiting MessageLoopAsync remoteEndPoint: 127.0.0.1:54984 localEndPoint: 127.0.0.1:54983
